   1               		.file	"joystick_main.c"
   2               	__SREG__ = 0x3f
   3               	__SP_H__ = 0x3e
   4               	__SP_L__ = 0x3d
   5               	__tmp_reg__ = 0
   6               	__zero_reg__ = 1
   7               		.global __do_copy_data
   8               		.global __do_clear_bss
  16               	.Ltext0:
  17               	.global	dely_ns
  19               	dely_ns:
  20               	.LFB4:
  21               	.LM1:
  22               	/* prologue: frame size=0 */
  23               	/* prologue end (size=0) */
  24               	.LVL0:
  25 0000 2091 0000 		lds r18,k
  26 0004 90E0      		ldi r25,lo8(0)
  27 0006 00C0      		rjmp .L2
  28               	.L3:
  29               	.LM2:
  30 0008 9F5F      		subi r25,lo8(-(1))
  31 000a 2AE0      		ldi r18,lo8(10)
  32               	.L2:
  33 000c 9817      		cp r25,r24
  34 000e 00F0      		brlo .L3
  35 0010 2093 0000 		sts k,r18
  36 0014 9093 0000 		sts j,r25
  37               	/* epilogue: frame size=0 */
  38 0018 0895      		ret
  39               	/* epilogue end (size=1) */
  40               	/* function dely_ns size 13 (12) */
  41               	.LFE4:
  43               	.global	toggleE
  45               	toggleE:
  46               	.LFB3:
  47               	.LM3:
  48               	/* prologue: frame size=0 */
  49               	/* prologue end (size=0) */
  50               	.LM4:
  51 001a DA9A      		sbi 59-0x20,2
  52               	.LM5:
  53 001c 8AEF      		ldi r24,lo8(-6)
  54 001e 0E94 0000 		call dely_ns
  55               	.LM6:
  56 0022 DA98      		cbi 59-0x20,2
  57               	/* epilogue: frame size=0 */
  58 0024 0895      		ret
  59               	/* epilogue end (size=1) */
  60               	/* function toggleE size 6 (5) */
  61               	.LFE3:
  63               	.global	lcd_cmd
  65               	lcd_cmd:
  66               	.LFB5:
  67               	.LM7:
  68               	/* prologue: frame size=0 */
  69 0026 0F93      		push r16
  70 0028 1F93      		push r17
  71               	/* prologue end (size=2) */
  72               	.LVL1:
  73 002a 082F      		mov r16,r24
  74               	.LM8:
  75 002c 8BB3      		in r24,59-0x20
  76               	.LVL2:
  77 002e 8470      		andi r24,lo8(4)
  78 0030 8BBB      		out 59-0x20,r24
  79               	.LM9:
  80 0032 802F      		mov r24,r16
  81 0034 807F      		andi r24,lo8(-16)
  82 0036 8BBB      		out 59-0x20,r24
  83               	.LM10:
  84 0038 0E94 0000 		call toggleE
  85               	.LM11:
  86 003c 1127      		clr r17
  87               	.LVL3:
  88 003e 0F70      		andi r16,lo8(15)
  89 0040 1070      		andi r17,hi8(15)
  90 0042 84E0      		ldi r24,4
  91 0044 000F      	1:	lsl r16
  92 0046 111F      		rol r17
  93 0048 8A95      		dec r24
  94 004a 01F4      		brne 1b
  95 004c 0BBB      		out 59-0x20,r16
  96               	.LM12:
  97 004e 0E94 0000 		call toggleE
  98               	/* epilogue: frame size=0 */
  99 0052 1F91      		pop r17
 100 0054 0F91      		pop r16
 101 0056 0895      		ret
 102               	/* epilogue end (size=3) */
 103               	/* function lcd_cmd size 25 (20) */
 104               	.LFE5:
 106               	.global	lcd_putchar
 108               	lcd_putchar:
 109               	.LFB6:
 110               	.LM13:
 111               	/* prologue: frame size=0 */
 112 0058 1F93      		push r17
 113               	/* prologue end (size=1) */
 114               	.LVL4:
 115 005a 182F      		mov r17,r24
 116               	.LM14:
 117 005c 81E0      		ldi r24,lo8(1)
 118               	.LVL5:
 119 005e 8BBB      		out 59-0x20,r24
 120               	.LM15:
 121 0060 8BB3      		in r24,59-0x20
 122 0062 8270      		andi r24,lo8(2)
 123 0064 8BBB      		out 59-0x20,r24
 124               	.LM16:
 125 0066 812F      		mov r24,r17
 126 0068 807F      		andi r24,lo8(-16)
 127 006a 8160      		ori r24,lo8(1)
 128 006c 8BBB      		out 59-0x20,r24
 129               	.LM17:
 130 006e 0E94 0000 		call toggleE
 131               	.LM18:
 132 0072 1295      		swap r17
 133 0074 107F      		andi r17,0xf0
 134 0076 1160      		ori r17,lo8(1)
 135 0078 1BBB      		out 59-0x20,r17
 136               	.LM19:
 137 007a 0E94 0000 		call toggleE
 138               	/* epilogue: frame size=0 */
 139 007e 1F91      		pop r17
 140 0080 0895      		ret
 141               	/* epilogue end (size=2) */
 142               	/* function lcd_putchar size 21 (18) */
 143               	.LFE6:
 145               	.global	lcd_string
 147               	lcd_string:
 148               	.LFB8:
 149               	.LM20:
 150               	/* prologue: frame size=0 */
 151 0082 EF92      		push r14
 152 0084 FF92      		push r15
 153 0086 0F93      		push r16
 154 0088 1F93      		push r17
 155 008a CF93      		push r28
 156 008c DF93      		push r29
 157               	/* prologue end (size=6) */
 158               	.LVL6:
 159 008e 7C01      		movw r14,r24
 160               	.LM21:
 161 0090 81E0      		ldi r24,lo8(1)
 162               	.LVL7:
 163 0092 8BBB      		out 59-0x20,r24
 164               	.LM22:
 165 0094 8BB3      		in r24,59-0x20
 166 0096 8270      		andi r24,lo8(2)
 167 0098 8BBB      		out 59-0x20,r24
 168 009a 00E0      		ldi r16,lo8(0)
 169 009c 10E0      		ldi r17,hi8(0)
 170 009e 00C0      		rjmp .L13
 171               	.LVL8:
 172               	.L14:
 173               	.LM23:
 174 00a0 9031      		cpi r25,lo8(16)
 175 00a2 01F4      		brne .L15
 176               	.LVL9:
 177               	.LM24:
 178 00a4 80EC      		ldi r24,lo8(-64)
 179 00a6 0E94 0000 		call lcd_cmd
 180               	.LVL10:
 181               	.L15:
 182               	.LM25:
 183 00aa 8881      		ld r24,Y
 184 00ac 807F      		andi r24,lo8(-16)
 185 00ae 8160      		ori r24,lo8(1)
 186 00b0 8BBB      		out 59-0x20,r24
 187               	.LM26:
 188 00b2 0E94 0000 		call toggleE
 189               	.LM27:
 190 00b6 8881      		ld r24,Y
 191 00b8 8295      		swap r24
 192 00ba 807F      		andi r24,0xf0
 193 00bc 8160      		ori r24,lo8(1)
 194 00be 8BBB      		out 59-0x20,r24
 195               	.LM28:
 196 00c0 0E94 0000 		call toggleE
 197 00c4 0F5F      		subi r16,lo8(-(1))
 198 00c6 1F4F      		sbci r17,hi8(-(1))
 199               	.LVL11:
 200               	.L13:
 201 00c8 902F      		mov r25,r16
 202               	.LVL12:
 203               	.LM29:
 204 00ca E701      		movw r28,r14
 205 00cc C00F      		add r28,r16
 206 00ce D11D      		adc r29,__zero_reg__
 207 00d0 8881      		ld r24,Y
 208 00d2 8823      		tst r24
 209 00d4 01F4      		brne .L14
 210               	/* epilogue: frame size=0 */
 211 00d6 DF91      		pop r29
 212 00d8 CF91      		pop r28
 213 00da 1F91      		pop r17
 214 00dc 0F91      		pop r16
 215 00de FF90      		pop r15
 216 00e0 EF90      		pop r14
 217 00e2 0895      		ret
 218               	/* epilogue end (size=7) */
 219               	/* function lcd_string size 49 (36) */
 220               	.LFE8:
 222               	.global	lcd_gotoxy1
 224               	lcd_gotoxy1:
 225               	.LFB10:
 226               	.LM30:
 227               	/* prologue: frame size=0 */
 228               	/* prologue end (size=0) */
 229               	.LVL13:
 230               	.LM31:
 231 00e4 8058      		subi r24,lo8(-(-128))
 232               	.LVL14:
 233 00e6 0E94 0000 		call lcd_cmd
 234               	/* epilogue: frame size=0 */
 235 00ea 0895      		ret
 236               	/* epilogue end (size=1) */
 237               	/* function lcd_gotoxy1 size 4 (3) */
 238               	.LFE10:
 240               	.global	lcd_gotoxy2
 242               	lcd_gotoxy2:
 243               	.LFB11:
 244               	.LM32:
 245               	/* prologue: frame size=0 */
 246               	/* prologue end (size=0) */
 247               	.LVL15:
 248               	.LM33:
 249 00ec 8054      		subi r24,lo8(-(-64))
 250               	.LVL16:
 251 00ee 0E94 0000 		call lcd_cmd
 252               	/* epilogue: frame size=0 */
 253 00f2 0895      		ret
 254               	/* epilogue end (size=1) */
 255               	/* function lcd_gotoxy2 size 4 (3) */
 256               	.LFE11:
 258               	.global	lcd_char
 260               	lcd_char:
 261               	.LFB7:
 262               	.LM34:
 263               	/* prologue: frame size=0 */
 264 00f4 CF93      		push r28
 265 00f6 DF93      		push r29
 266               	/* prologue end (size=2) */
 267               	.LVL17:
 268               	.LM35:
 269 00f8 8930      		cpi r24,lo8(9)
 270 00fa 01F4      		brne .L24
 271               	.LM36:
 272 00fc C0E0      		ldi r28,lo8(0)
 273 00fe D0E0      		ldi r29,hi8(0)
 274               	.LVL18:
 275               	.L26:
 276               	.LBB32:
 277               	.LM37:
 278 0100 89E0      		ldi r24,lo8(9)
 279               	.LVL19:
 280 0102 0E94 0000 		call lcd_putchar
 281               	.LM38:
 282 0106 2196      		adiw r28,1
 283 0108 C230      		cpi r28,2
 284 010a D105      		cpc r29,__zero_reg__
 285 010c 01F0      		breq .L30
 286 010e 00C0      		rjmp .L26
 287               	.LVL20:
 288               	.L24:
 289               	.LBE32:
 290               	.LM39:
 291 0110 8A30      		cpi r24,lo8(10)
 292 0112 01F4      		brne .L28
 293               	.LM40:
 294 0114 80E0      		ldi r24,lo8(0)
 295               	.LVL21:
 296 0116 0E94 0000 		call lcd_gotoxy2
 297 011a 00C0      		rjmp .L30
 298               	.LVL22:
 299               	.L28:
 300               	.LM41:
 301 011c 0E94 0000 		call lcd_putchar
 302               	.LVL23:
 303               	.LVL24:
 304               	.L30:
 305               	/* epilogue: frame size=0 */
 306 0120 DF91      		pop r29
 307 0122 CF91      		pop r28
 308 0124 0895      		ret
 309               	/* epilogue end (size=3) */
 310               	/* function lcd_char size 25 (20) */
 311               	.LFE7:
 313               	.global	lcd_showvalue
 315               	lcd_showvalue:
 316               	.LFB9:
 317               	.LM42:
 318               	/* prologue: frame size=0 */
 319 0126 DF92      		push r13
 320 0128 EF92      		push r14
 321 012a FF92      		push r15
 322 012c 0F93      		push r16
 323 012e 1F93      		push r17
 324               	/* prologue end (size=5) */
 325               	.LVL25:
 326 0130 D82E      		mov r13,r24
 327               	.LM43:
 328 0132 64E6      		ldi r22,lo8(100)
 329 0134 0E94 0000 		call __udivmodqi4
 330               	.LVL26:
 331 0138 282F      		mov r18,r24
 332               	.LM44:
 333 013a 94E6      		ldi r25,lo8(100)
 334 013c E92E      		mov r14,r25
 335 013e 8E9D      		mul r24,r14
 336 0140 7001      		movw r14,r0
 337 0142 1124      		clr r1
 338 0144 8D2D      		mov r24,r13
 339 0146 9927      		clr r25
 340               	.LVL27:
 341 0148 8E19      		sub r24,r14
 342 014a 9F09      		sbc r25,r15
 343               	.LVL28:
 344 014c 6AE0      		ldi r22,lo8(10)
 345 014e 70E0      		ldi r23,hi8(10)
 346 0150 0E94 0000 		call __divmodhi4
 347 0154 8B01      		movw r16,r22
 348               	.LM45:
 349 0156 822F      		mov r24,r18
 350 0158 805D      		subi r24,lo8(-(48))
 351 015a 0E94 0000 		call lcd_char
 352               	.LM46:
 353 015e 802F      		mov r24,r16
 354               	.LVL29:
 355 0160 805D      		subi r24,lo8(-(48))
 356 0162 0E94 0000 		call lcd_char
 357               	.LM47:
 358 0166 80E3      		ldi r24,lo8(48)
 359 0168 D80E      		add r13,r24
 360               	.LVL30:
 361 016a DE18      		sub r13,r14
 362 016c 8AE0      		ldi r24,lo8(10)
 363 016e 089F      		mul r16,r24
 364 0170 C001      		movw r24,r0
 365 0172 1124      		clr r1
 366 0174 D81A      		sub r13,r24
 367 0176 8D2D      		mov r24,r13
 368 0178 0E94 0000 		call lcd_char
 369               	/* epilogue: frame size=0 */
 370 017c 1F91      		pop r17
 371 017e 0F91      		pop r16
 372 0180 FF90      		pop r15
 373 0182 EF90      		pop r14
 374 0184 DF90      		pop r13
 375 0186 0895      		ret
 376               	/* epilogue end (size=6) */
 377               	/* function lcd_showvalue size 49 (38) */
 378               	.LFE9:
 380               	.global	lcd_exit
 382               	lcd_exit:
 383               	.LFB12:
 384               	.LM48:
 385               	/* prologue: frame size=0 */
 386               	/* prologue end (size=0) */
 387               	.LM49:
 388 0188 8091 0000 		lds r24,save
 389 018c 8BBB      		out 59-0x20,r24
 390               	/* epilogue: frame size=0 */
 391 018e 0895      		ret
 392               	/* epilogue end (size=1) */
 393               	/* function lcd_exit size 4 (3) */
 394               	.LFE12:
 396               	.global	WaitMs
 398               	WaitMs:
 399               	.LFB13:
 400               	.LM50:
 401               	/* prologue: frame size=0 */
 402               	/* prologue end (size=0) */
 403               	.LVL31:
 404 0190 00C0      		rjmp .L37
 405               	.L38:
 406               	.LM51:
 407 0192 20E0      		ldi r18,lo8(0)
 408 0194 30E0      		ldi r19,hi8(0)
 409               	.LVL32:
 410               	.L39:
 411               	.LM52:
 412               	/* #APP */
 413 0196 0000      		nop
 414               	.LM53:
 415               	/* #NOAPP */
 416 0198 2F5F      		subi r18,lo8(-(1))
 417 019a 3F4F      		sbci r19,hi8(-(1))
 418 019c 4CE0      		ldi r20,hi8(3276)
 419 019e 2C3C      		cpi r18,lo8(3276)
 420 01a0 3407      		cpc r19,r20
 421 01a2 01F4      		brne .L39
 422               	.L37:
 423               	.LM54:
 424 01a4 0197      		sbiw r24,1
 425 01a6 2FEF      		ldi r18,hi8(-1)
 426 01a8 8F3F      		cpi r24,lo8(-1)
 427 01aa 9207      		cpc r25,r18
 428               	.LVL33:
 429 01ac 01F4      		brne .L38
 430               	/* epilogue: frame size=0 */
 431 01ae 0895      		ret
 432               	/* epilogue end (size=1) */
 433               	/* function WaitMs size 17 (16) */
 434               	.LFE13:
 436               	.global	lcd_init
 438               	lcd_init:
 439               	.LFB2:
 440               	.LM55:
 441               	/* prologue: frame size=0 */
 442               	/* prologue end (size=0) */
 443               	.LM56:
 444 01b0 8BB3      		in r24,59-0x20
 445 01b2 8093 0000 		sts save,r24
 446               	.LM57:
 447 01b6 8FEF      		ldi r24,lo8(-1)
 448 01b8 8ABB      		out 58-0x20,r24
 449               	.LM58:
 450 01ba 8FE0      		ldi r24,lo8(15)
 451 01bc 90E0      		ldi r25,hi8(15)
 452 01be 0E94 0000 		call WaitMs
 453               	.LM59:
 454 01c2 8BB3      		in r24,59-0x20
 455 01c4 8470      		andi r24,lo8(4)
 456 01c6 8BBB      		out 59-0x20,r24
 457               	.LM60:
 458 01c8 80E2      		ldi r24,lo8(32)
 459 01ca 8BBB      		out 59-0x20,r24
 460               	.LM61:
 461 01cc 81E0      		ldi r24,lo8(1)
 462 01ce 0E94 0000 		call lcd_cmd
 463               	.LM62:
 464 01d2 8FE0      		ldi r24,lo8(15)
 465 01d4 0E94 0000 		call lcd_cmd
 466               	.LM63:
 467 01d8 82E0      		ldi r24,lo8(2)
 468 01da 0E94 0000 		call lcd_cmd
 469               	.LM64:
 470 01de 80E8      		ldi r24,lo8(-128)
 471 01e0 0E94 0000 		call lcd_cmd
 472               	/* epilogue: frame size=0 */
 473 01e4 0895      		ret
 474               	/* epilogue end (size=1) */
 475               	/* function lcd_init size 27 (26) */
 476               	.LFE2:
 478               	.global	UART_config
 480               	UART_config:
 481               	.LFB14:
 482               	.LM65:
 483               	/* prologue: frame size=60 */
 484 01e6 EF92      		push r14
 485 01e8 FF92      		push r15
 486 01ea 0F93      		push r16
 487 01ec 1F93      		push r17
 488 01ee CF93      		push r28
 489 01f0 DF93      		push r29
 490 01f2 CDB7      		in r28,__SP_L__
 491 01f4 DEB7      		in r29,__SP_H__
 492 01f6 EC97      		sbiw r28,60
 493 01f8 0FB6      		in __tmp_reg__,__SREG__
 494 01fa F894      		cli
 495 01fc DEBF      		out __SP_H__,r29
 496 01fe 0FBE      		out __SREG__,__tmp_reg__
 497 0200 CDBF      		out __SP_L__,r28
 498               	/* prologue end (size=14) */
 499               	.LVL34:
 500 0202 7B01      		movw r14,r22
 501 0204 8C01      		movw r16,r24
 502               	.LM66:
 503 0206 DE01      		movw r26,r28
 504 0208 5596      		adiw r26,21
 505 020a E0E0      		ldi r30,lo8(C.4.1667)
 506 020c F0E0      		ldi r31,hi8(C.4.1667)
 507 020e 88E2      		ldi r24,lo8(40)
 508               	.LVL35:
 509               	.L47:
 510               	.LM67:
 511 0210 0190      		ld r0,Z+
 512 0212 0D92      		st X+,r0
 513 0214 8150      		subi r24,lo8(-(-1))
 514 0216 01F4      		brne .L47
 515               	.LM68:
 516 0218 DE01      		movw r26,r28
 517 021a 1196      		adiw r26,1
 518 021c E0E0      		ldi r30,lo8(C.5.1668)
 519 021e F0E0      		ldi r31,hi8(C.5.1668)
 520 0220 84E1      		ldi r24,lo8(20)
 521               	.L48:
 522 0222 0190      		ld r0,Z+
 523 0224 0D92      		st X+,r0
 524 0226 8150      		subi r24,lo8(-(-1))
 525 0228 01F4      		brne .L48
 526               	.LM69:
 527 022a 88E1      		ldi r24,lo8(24)
 528 022c 8093 9A00 		sts 154,r24
 529               	.LM70:
 530 0230 86E0      		ldi r24,lo8(6)
 531 0232 8093 9D00 		sts 157,r24
 532 0236 FE01      		movw r30,r28
 533 0238 7596      		adiw r30,21
 534 023a 9E01      		movw r18,r28
 535 023c 2F5F      		subi r18,lo8(-(1))
 536 023e 3F4F      		sbci r19,hi8(-(1))
 537 0240 40E0      		ldi r20,lo8(0)
 538 0242 50E0      		ldi r21,hi8(0)
 539               	.LVL36:
 540               	.LBB33:
 541               	.LM71:
 542 0244 BE01      		movw r22,r28
 543 0246 635C      		subi r22,lo8(-(61))
 544 0248 7F4F      		sbci r23,hi8(-(61))
 545               	.L49:
 546               	.LM72:
 547 024a 8081      		ld r24,Z
 548 024c 9181      		ldd r25,Z+1
 549 024e A281      		ldd r26,Z+2
 550 0250 B381      		ldd r27,Z+3
 551 0252 8E15      		cp r24,r14
 552 0254 9F05      		cpc r25,r15
 553 0256 A007      		cpc r26,r16
 554 0258 B107      		cpc r27,r17
 555 025a 01F4      		brne .L50
 556               	.LM73:
 557 025c D901      		movw r26,r18
 558 025e 4D91      		ld r20,X+
 559 0260 5C91      		ld r21,X
 560               	.L50:
 561 0262 3496      		adiw r30,4
 562 0264 2E5F      		subi r18,lo8(-(2))
 563 0266 3F4F      		sbci r19,hi8(-(2))
 564               	.LM74:
 565 0268 E617      		cp r30,r22
 566 026a F707      		cpc r31,r23
 567 026c 01F4      		brne .L49
 568               	.LBE33:
 569               	.LM75:
 570 026e CA01      		movw r24,r20
 571 0270 9070      		andi r25,hi8(255)
 572 0272 8093 9900 		sts 153,r24
 573               	.LM76:
 574 0276 852F      		mov r24,r21
 575 0278 9927      		clr r25
 576 027a 8093 9800 		sts 152,r24
 577               	/* epilogue: frame size=60 */
 578 027e EC96      		adiw r28,60
 579 0280 0FB6      		in __tmp_reg__,__SREG__
 580 0282 F894      		cli
 581 0284 DEBF      		out __SP_H__,r29
 582 0286 0FBE      		out __SREG__,__tmp_reg__
 583 0288 CDBF      		out __SP_L__,r28
 584 028a DF91      		pop r29
 585 028c CF91      		pop r28
 586 028e 1F91      		pop r17
 587 0290 0F91      		pop r16
 588 0292 FF90      		pop r15
 589 0294 EF90      		pop r14
 590 0296 0895      		ret
 591               	/* epilogue end (size=13) */
 592               	/* function UART_config size 92 (65) */
 593               	.LFE14:
 595               	.global	UART_Transmit_char
 597               	UART_Transmit_char:
 598               	.LFB15:
 599               	.LM77:
 600               	/* prologue: frame size=0 */
 601               	/* prologue end (size=0) */
 602               	.LVL37:
 603 0298 982F      		mov r25,r24
 604               	.LVL38:
 605               	.L62:
 606               	.LM78:
 607 029a 8091 9B00 		lds r24,155
 608 029e 85FF      		sbrs r24,5
 609 02a0 00C0      		rjmp .L62
 610               	.LM79:
 611 02a2 9093 9C00 		sts 156,r25
 612               	/* epilogue: frame size=0 */
 613 02a6 0895      		ret
 614               	/* epilogue end (size=1) */
 615               	/* function UART_Transmit_char size 8 (7) */
 616               	.LFE15:
 618               	.global	UART_Receive_char
 620               	UART_Receive_char:
 621               	.LFB16:
 622               	.LM80:
 623               	/* prologue: frame size=0 */
 624               	/* prologue end (size=0) */
 625               	.L69:
 626               	.LM81:
 627 02a8 8091 9B00 		lds r24,155
 628 02ac 87FF      		sbrs r24,7
 629 02ae 00C0      		rjmp .L69
 630               	.LM82:
 631 02b0 8091 9C00 		lds r24,156
 632               	.LM83:
 633 02b4 9927      		clr r25
 634               	/* epilogue: frame size=0 */
 635 02b6 0895      		ret
 636               	/* epilogue end (size=1) */
 637               	/* function UART_Receive_char size 8 (7) */
 638               	.LFE16:
 640               	.global	UART_Transmit_string
 642               	UART_Transmit_string:
 643               	.LFB17:
 644               	.LM84:
 645               	/* prologue: frame size=0 */
 646               	/* prologue end (size=0) */
 647               	.LVL39:
 648 02b8 FC01      		movw r30,r24
 649 02ba 00C0      		rjmp .L75
 650               	.LVL40:
 651               	.L80:
 652               	.LBB34:
 653               	.LBB35:
 654               	.LM85:
 655 02bc 8091 9B00 		lds r24,155
 656 02c0 85FF      		sbrs r24,5
 657 02c2 00C0      		rjmp .L80
 658               	.LM86:
 659 02c4 9093 9C00 		sts 156,r25
 660               	.LBE35:
 661               	.LBE34:
 662               	.LM87:
 663 02c8 3196      		adiw r30,1
 664               	.LVL41:
 665               	.L75:
 666               	.LM88:
 667 02ca 9081      		ld r25,Z
 668 02cc 9923      		tst r25
 669 02ce 01F4      		brne .L80
 670               	/* epilogue: frame size=0 */
 671 02d0 0895      		ret
 672               	/* epilogue end (size=1) */
 673               	/* function UART_Transmit_string size 13 (12) */
 674               	.LFE17:
 676               	.global	UART_Transmit_num
 678               	UART_Transmit_num:
 679               	.LFB18:
 680               	.LM89:
 681               	/* prologue: frame size=3 */
 682 02d2 0F93      		push r16
 683 02d4 1F93      		push r17
 684 02d6 CF93      		push r28
 685 02d8 DF93      		push r29
 686 02da CDB7      		in r28,__SP_L__
 687 02dc DEB7      		in r29,__SP_H__
 688 02de 2397      		sbiw r28,3
 689 02e0 0FB6      		in __tmp_reg__,__SREG__
 690 02e2 F894      		cli
 691 02e4 DEBF      		out __SP_H__,r29
 692 02e6 0FBE      		out __SREG__,__tmp_reg__
 693 02e8 CDBF      		out __SP_L__,r28
 694               	/* prologue end (size=12) */
 695               	.LVL42:
 696 02ea 9C01      		movw r18,r24
 697               	.LM90:
 698 02ec 1982      		std Y+1,__zero_reg__
 699               	.LM91:
 700 02ee 1A82      		std Y+2,__zero_reg__
 701               	.LM92:
 702 02f0 1B82      		std Y+3,__zero_reg__
 703 02f2 42E0      		ldi r20,lo8(2)
 704               	.LVL43:
 705 02f4 8E01      		movw r16,r28
 706 02f6 0F5F      		subi r16,lo8(-(1))
 707 02f8 1F4F      		sbci r17,hi8(-(1))
 708 02fa 00C0      		rjmp .L84
 709               	.LVL44:
 710               	.L85:
 711               	.LM93:
 712 02fc E40F      		add r30,r20
 713 02fe F11D      		adc r31,__zero_reg__
 714 0300 C901      		movw r24,r18
 715 0302 6AE0      		ldi r22,lo8(10)
 716 0304 70E0      		ldi r23,hi8(10)
 717 0306 0E94 0000 		call __udivmodhi4
 718 030a 8083      		st Z,r24
 719               	.LM94:
 720 030c C901      		movw r24,r18
 721 030e 6AE0      		ldi r22,lo8(10)
 722 0310 70E0      		ldi r23,hi8(10)
 723 0312 0E94 0000 		call __udivmodhi4
 724 0316 9B01      		movw r18,r22
 725               	.LM95:
 726 0318 4150      		subi r20,lo8(-(-1))
 727               	.LVL45:
 728               	.L84:
 729 031a F801      		movw r30,r16
 730               	.LM96:
 731 031c 2115      		cp r18,__zero_reg__
 732 031e 3105      		cpc r19,__zero_reg__
 733 0320 01F4      		brne .L85
 734               	.LM97:
 735 0322 9E01      		movw r18,r28
 736               	.LVL46:
 737 0324 2C5F      		subi r18,lo8(-(4))
 738 0326 3F4F      		sbci r19,hi8(-(4))
 739               	.L87:
 740               	.LM98:
 741 0328 9081      		ld r25,Z
 742               	.L88:
 743               	.LBB36:
 744               	.LBB37:
 745               	.LM99:
 746 032a 8091 9B00 		lds r24,155
 747               	.LVL47:
 748 032e 85FF      		sbrs r24,5
 749 0330 00C0      		rjmp .L88
 750               	.LBE37:
 751               	.LBE36:
 752               	.LM100:
 753 0332 905D      		subi r25,lo8(-(48))
 754               	.LBB39:
 755               	.LBB38:
 756               	.LM101:
 757 0334 9093 9C00 		sts 156,r25
 758 0338 3196      		adiw r30,1
 759               	.LBE38:
 760               	.LBE39:
 761               	.LM102:
 762 033a E217      		cp r30,r18
 763 033c F307      		cpc r31,r19
 764 033e 01F4      		brne .L87
 765               	/* epilogue: frame size=3 */
 766 0340 2396      		adiw r28,3
 767 0342 0FB6      		in __tmp_reg__,__SREG__
 768 0344 F894      		cli
 769 0346 DEBF      		out __SP_H__,r29
 770 0348 0FBE      		out __SREG__,__tmp_reg__
 771 034a CDBF      		out __SP_L__,r28
 772 034c DF91      		pop r29
 773 034e CF91      		pop r28
 774 0350 1F91      		pop r17
 775 0352 0F91      		pop r16
 776 0354 0895      		ret
 777               	/* epilogue end (size=11) */
 778               	/* function UART_Transmit_num size 66 (43) */
 779               	.LFE18:
 781               	.global	VT102Attribute
 783               	VT102Attribute:
 784               	.LFB20:
 785               	.LM103:
 786               	/* prologue: frame size=0 */
 787 0356 1F93      		push r17
 788               	/* prologue end (size=1) */
 789               	.LVL48:
 790 0358 982F      		mov r25,r24
 791 035a 162F      		mov r17,r22
 792               	.LVL49:
 793               	.L97:
 794               	.LBB40:
 795               	.LBB41:
 796               	.LM104:
 797 035c 8091 9B00 		lds r24,155
 798 0360 85FF      		sbrs r24,5
 799 0362 00C0      		rjmp .L97
 800               	.LM105:
 801 0364 8BE1      		ldi r24,lo8(27)
 802 0366 8093 9C00 		sts 156,r24
 803               	.L99:
 804               	.LBE41:
 805               	.LBE40:
 806               	.LBB42:
 807               	.LBB43:
 808               	.LM106:
 809 036a 8091 9B00 		lds r24,155
 810 036e 85FF      		sbrs r24,5
 811 0370 00C0      		rjmp .L99
 812               	.LM107:
 813 0372 8BE5      		ldi r24,lo8(91)
 814 0374 8093 9C00 		sts 156,r24
 815               	.LBE43:
 816               	.LBE42:
 817               	.LM108:
 818 0378 892F      		mov r24,r25
 819 037a 9927      		clr r25
 820               	.LVL50:
 821 037c 4E96      		adiw r24,30
 822               	.LVL51:
 823 037e 0E94 0000 		call UART_Transmit_num
 824               	.L101:
 825               	.LBB44:
 826               	.LBB45:
 827               	.LM109:
 828 0382 8091 9B00 		lds r24,155
 829 0386 85FF      		sbrs r24,5
 830 0388 00C0      		rjmp .L101
 831               	.LM110:
 832 038a 8BE3      		ldi r24,lo8(59)
 833 038c 8093 9C00 		sts 156,r24
 834               	.LBE45:
 835               	.LBE44:
 836               	.LM111:
 837 0390 812F      		mov r24,r17
 838 0392 9927      		clr r25
 839               	.LVL52:
 840 0394 8896      		adiw r24,40
 841               	.LVL53:
 842 0396 0E94 0000 		call UART_Transmit_num
 843               	.L103:
 844               	.LBB46:
 845               	.LBB47:
 846               	.LM112:
 847 039a 8091 9B00 		lds r24,155
 848 039e 85FF      		sbrs r24,5
 849 03a0 00C0      		rjmp .L103
 850               	.LM113:
 851 03a2 8DE6      		ldi r24,lo8(109)
 852 03a4 8093 9C00 		sts 156,r24
 853               	.LBE47:
 854               	.LBE46:
 855               	/* epilogue: frame size=0 */
 856 03a8 1F91      		pop r17
 857 03aa 0895      		ret
 858               	/* epilogue end (size=2) */
 859               	/* function VT102Attribute size 43 (40) */
 860               	.LFE20:
 862               	.global	VT102DispStr
 864               	VT102DispStr:
 865               	.LFB21:
 866               	.LM114:
 867               	/* prologue: frame size=0 */
 868 03ac FF92      		push r15
 869 03ae 0F93      		push r16
 870 03b0 1F93      		push r17
 871 03b2 CF93      		push r28
 872 03b4 DF93      		push r29
 873               	/* prologue end (size=5) */
 874               	.LVL54:
 875 03b6 F82E      		mov r15,r24
 876 03b8 162F      		mov r17,r22
 877 03ba EA01      		movw r28,r20
 878 03bc 822F      		mov r24,r18
 879               	.LVL55:
 880 03be 602F      		mov r22,r16
 881               	.LVL56:
 882               	.LM115:
 883 03c0 0E94 0000 		call VT102Attribute
 884               	.LVL57:
 885               	.L115:
 886               	.LBB48:
 887               	.LBB49:
 888               	.LM116:
 889 03c4 8091 9B00 		lds r24,155
 890 03c8 85FF      		sbrs r24,5
 891 03ca 00C0      		rjmp .L115
 892               	.LM117:
 893 03cc 8BE1      		ldi r24,lo8(27)
 894 03ce 8093 9C00 		sts 156,r24
 895               	.L117:
 896               	.LBE49:
 897               	.LBE48:
 898               	.LBB50:
 899               	.LBB51:
 900               	.LM118:
 901 03d2 8091 9B00 		lds r24,155
 902 03d6 85FF      		sbrs r24,5
 903 03d8 00C0      		rjmp .L117
 904               	.LM119:
 905 03da 8BE5      		ldi r24,lo8(91)
 906 03dc 8093 9C00 		sts 156,r24
 907               	.LBE51:
 908               	.LBE50:
 909               	.LM120:
 910 03e0 812F      		mov r24,r17
 911 03e2 9927      		clr r25
 912 03e4 0E94 0000 		call UART_Transmit_num
 913               	.L119:
 914               	.LBB52:
 915               	.LBB53:
 916               	.LM121:
 917 03e8 8091 9B00 		lds r24,155
 918 03ec 85FF      		sbrs r24,5
 919 03ee 00C0      		rjmp .L119
 920               	.LM122:
 921 03f0 8BE3      		ldi r24,lo8(59)
 922 03f2 8093 9C00 		sts 156,r24
 923               	.LBE53:
 924               	.LBE52:
 925               	.LM123:
 926 03f6 8F2D      		mov r24,r15
 927 03f8 9927      		clr r25
 928 03fa 0E94 0000 		call UART_Transmit_num
 929               	.L121:
 930               	.LBB54:
 931               	.LBB55:
 932               	.LM124:
 933 03fe 8091 9B00 		lds r24,155
 934 0402 85FF      		sbrs r24,5
 935 0404 00C0      		rjmp .L121
 936               	.LM125:
 937 0406 88E4      		ldi r24,lo8(72)
 938 0408 8093 9C00 		sts 156,r24
 939               	.LBE55:
 940               	.LBE54:
 941               	.LM126:
 942 040c CE01      		movw r24,r28
 943 040e 0E94 0000 		call UART_Transmit_string
 944               	/* epilogue: frame size=0 */
 945 0412 DF91      		pop r29
 946 0414 CF91      		pop r28
 947 0416 1F91      		pop r17
 948 0418 0F91      		pop r16
 949 041a FF90      		pop r15
 950 041c 0895      		ret
 951               	/* epilogue end (size=6) */
 952               	/* function VT102DispStr size 57 (46) */
 953               	.LFE21:
 955               		.data
 956               	.LC0:
 957 0000 1B5B 324A 		.string	"\033[2J"
 957      00
 958               		.text
 959               	.global	VT102DispClrScr
 961               	VT102DispClrScr:
 962               	.LFB22:
 963               	.LM127:
 964               	/* prologue: frame size=0 */
 965               	/* prologue end (size=0) */
 966               	.LM128:
 967 041e 61E0      		ldi r22,lo8(1)
 968 0420 81E0      		ldi r24,lo8(1)
 969 0422 0E94 0000 		call VT102Attribute
 970               	.LM129:
 971 0426 80E0      		ldi r24,lo8(.LC0)
 972 0428 90E0      		ldi r25,hi8(.LC0)
 973 042a 0E94 0000 		call UART_Transmit_string
 974               	/* epilogue: frame size=0 */
 975 042e 0895      		ret
 976               	/* epilogue end (size=1) */
 977               	/* function VT102DispClrScr size 9 (8) */
 978               	.LFE22:
 980               	.global	VT102DispChar
 982               	VT102DispChar:
 983               	.LFB23:
 984               	.LM130:
 985               	/* prologue: frame size=0 */
 986 0430 EF92      		push r14
 987 0432 FF92      		push r15
 988 0434 0F93      		push r16
 989 0436 1F93      		push r17
 990               	/* prologue end (size=4) */
 991               	.LVL58:
 992 0438 F82E      		mov r15,r24
 993 043a 162F      		mov r17,r22
 994 043c E42E      		mov r14,r20
 995 043e 822F      		mov r24,r18
 996               	.LVL59:
 997 0440 602F      		mov r22,r16
 998               	.LVL60:
 999               	.LM131:
 1000 0442 0E94 0000 		call VT102Attribute
 1001               	.LVL61:
 1002               	.L135:
 1003               	.LBB56:
 1004               	.LBB57:
 1005               	.LM132:
 1006 0446 8091 9B00 		lds r24,155
 1007 044a 85FF      		sbrs r24,5
 1008 044c 00C0      		rjmp .L135
 1009               	.LM133:
 1010 044e 8BE1      		ldi r24,lo8(27)
 1011 0450 8093 9C00 		sts 156,r24
 1012               	.L137:
 1013               	.LBE57:
 1014               	.LBE56:
 1015               	.LBB58:
 1016               	.LBB59:
 1017               	.LM134:
 1018 0454 8091 9B00 		lds r24,155
 1019 0458 85FF      		sbrs r24,5
 1020 045a 00C0      		rjmp .L137
 1021               	.LM135:
 1022 045c 8BE5      		ldi r24,lo8(91)
 1023 045e 8093 9C00 		sts 156,r24
 1024               	.LBE59:
 1025               	.LBE58:
 1026               	.LM136:
 1027 0462 812F      		mov r24,r17
 1028 0464 9927      		clr r25
 1029               	.LVL62:
 1030 0466 0E94 0000 		call UART_Transmit_num
 1031               	.LVL63:
 1032               	.L139:
 1033               	.LBB60:
 1034               	.LBB61:
 1035               	.LM137:
 1036 046a 8091 9B00 		lds r24,155
 1037 046e 85FF      		sbrs r24,5
 1038 0470 00C0      		rjmp .L139
 1039               	.LM138:
 1040 0472 8BE3      		ldi r24,lo8(59)
 1041 0474 8093 9C00 		sts 156,r24
 1042               	.LBE61:
 1043               	.LBE60:
 1044               	.LM139:
 1045 0478 8F2D      		mov r24,r15
 1046 047a 9927      		clr r25
 1047               	.LVL64:
 1048 047c 0E94 0000 		call UART_Transmit_num
 1049               	.LVL65:
 1050               	.L141:
 1051               	.LBB62:
 1052               	.LBB63:
 1053               	.LM140:
 1054 0480 8091 9B00 		lds r24,155
 1055 0484 85FF      		sbrs r24,5
 1056 0486 00C0      		rjmp .L141
 1057               	.LM141:
 1058 0488 88E4      		ldi r24,lo8(72)
 1059 048a 8093 9C00 		sts 156,r24
 1060               	.L143:
 1061               	.LBE63:
 1062               	.LBE62:
 1063               	.LBB64:
 1064               	.LBB65:
 1065               	.LM142:
 1066 048e 8091 9B00 		lds r24,155
 1067 0492 85FF      		sbrs r24,5
 1068 0494 00C0      		rjmp .L143
 1069               	.LM143:
 1070 0496 E092 9C00 		sts 156,r14
 1071               	.LBE65:
 1072               	.LBE64:
 1073               	/* epilogue: frame size=0 */
 1074 049a 1F91      		pop r17
 1075 049c 0F91      		pop r16
 1076 049e FF90      		pop r15
 1077 04a0 EF90      		pop r14
 1078 04a2 0895      		ret
 1079               	/* epilogue end (size=5) */
 1080               	/* function VT102DispChar size 58 (49) */
 1081               	.LFE23:
 1083               	.global	clearscreen
 1085               	clearscreen:
 1086               	.LFB25:
 1087               	.LM144:
 1088               	/* prologue: frame size=0 */
 1089 04a4 0F93      		push r16
 1090               	/* prologue end (size=1) */
 1091               	.LVL66:
 1092               	.LM145:
 1093               	/* #APP */
 1094 04a6 F894      		cli
 1095               	.LM146:
 1096               	/* #NOAPP */
 1097 04a8 01E0      		ldi r16,lo8(1)
 1098 04aa 20E0      		ldi r18,lo8(0)
 1099 04ac 40E2      		ldi r20,lo8(32)
 1100 04ae 0E94 0000 		call VT102DispChar
 1101               	.LVL67:
 1102               	.LM147:
 1103               	/* #APP */
 1104 04b2 7894      		sei
 1105               	/* #NOAPP */
 1106               	/* epilogue: frame size=0 */
 1107 04b4 0F91      		pop r16
 1108 04b6 0895      		ret
 1109               	/* epilogue end (size=2) */
 1110               	/* function clearscreen size 12 (9) */
 1111               	.LFE25:
 1113               		.data
 1114               	.LC1:
 1115 0005 5350 4545 		.string	"SPEED (SW4 on Board) :"
 1115      4420 2853 
 1115      5734 206F 
 1115      6E20 426F 
 1115      6172 6429 
 1116               		.text
 1117               	.global	main
 1119               	main:
 1120               	.LFB24:
 1121               	.LM148:
 1122               	/* prologue: frame size=0 */
 1123 04b8 C0E0      		ldi r28,lo8(__stack - 0)
 1124 04ba D0E0      		ldi r29,hi8(__stack - 0)
 1125 04bc DEBF      		out __SP_H__,r29
 1126 04be CDBF      		out __SP_L__,r28
 1127               	/* prologue end (size=4) */
 1128               	.LM149:
 1129 04c0 60E8      		ldi r22,lo8(9600)
 1130 04c2 75E2      		ldi r23,hi8(9600)
 1131 04c4 80E0      		ldi r24,hlo8(9600)
 1132 04c6 90E0      		ldi r25,hhi8(9600)
 1133 04c8 0E94 0000 		call UART_config
 1134               	.LM150:
 1135 04cc 0E94 0000 		call lcd_init
 1136               	.LM151:
 1137 04d0 81EE      		ldi r24,lo8(-31)
 1138 04d2 87B9      		out 39-0x20,r24
 1139               	.LM152:
 1140 04d4 8FEE      		ldi r24,lo8(-17)
 1141 04d6 86B9      		out 38-0x20,r24
 1142               	.LM153:
 1143 04d8 1698      		cbi 34-0x20,6
 1144               	.LM154:
 1145 04da 1F9A      		sbi 35-0x20,7
 1146               	.LM155:
 1147 04dc 80EC      		ldi r24,lo8(-64)
 1148 04de 8ABF      		out 90-0x20,r24
 1149               	.LM156:
 1150 04e0 80E8      		ldi r24,lo8(-128)
 1151 04e2 89BF      		out 89-0x20,r24
 1152               	.LM157:
 1153 04e4 0E94 0000 		call VT102DispClrScr
 1154               	.LM158:
 1155 04e8 01E0      		ldi r16,lo8(1)
 1156 04ea 20E0      		ldi r18,lo8(0)
 1157 04ec 4AE2      		ldi r20,lo8(42)
 1158 04ee 6AE0      		ldi r22,lo8(10)
 1159 04f0 88E2      		ldi r24,lo8(40)
 1160 04f2 0E94 0000 		call VT102DispChar
 1161               	.LM159:
 1162 04f6 20E0      		ldi r18,lo8(0)
 1163 04f8 40E2      		ldi r20,lo8(32)
 1164 04fa 6AE0      		ldi r22,lo8(10)
 1165 04fc 88E2      		ldi r24,lo8(40)
 1166 04fe 0E94 0000 		call VT102DispChar
 1167               	.LM160:
 1168 0502 20E0      		ldi r18,lo8(0)
 1169 0504 40E0      		ldi r20,lo8(.LC1)
 1170 0506 50E0      		ldi r21,hi8(.LC1)
 1171 0508 68E1      		ldi r22,lo8(24)
 1172 050a 82E3      		ldi r24,lo8(50)
 1173 050c 0E94 0000 		call VT102DispStr
 1174               	.LM161:
 1175               	/* #APP */
 1176 0510 7894      		sei
 1177               	/* #NOAPP */
 1178 0512 38E2      		ldi r19,lo8(40)
 1179 0514 F32E      		mov r15,r19
 1180               	.LVL68:
 1181 0516 1AE0      		ldi r17,lo8(10)
 1182               	.LVL69:
 1183               	.L177:
 1184               	.LM162:
 1185 0518 8091 0000 		lds r24,G_Joy_over
 1186 051c 8823      		tst r24
 1187 051e 01F0      		breq .L177
 1188               	.LM163:
 1189 0520 80E0      		ldi r24,lo8(0)
 1190 0522 0E94 0000 		call lcd_gotoxy1
 1191               	.LM164:
 1192 0526 8091 0000 		lds r24,G_Joy_xvalue
 1193 052a 0E94 0000 		call lcd_showvalue
 1194               	.LM165:
 1195 052e 80E0      		ldi r24,lo8(0)
 1196 0530 0E94 0000 		call lcd_gotoxy2
 1197               	.LM166:
 1198 0534 8091 0000 		lds r24,G_Joy_yvalue
 1199 0538 0E94 0000 		call lcd_showvalue
 1200               	.LM167:
 1201 053c 1092 0000 		sts G_Joy_over,__zero_reg__
 1202               	.LM168:
 1203 0540 8091 0000 		lds r24,G_Joy_xvalue
 1204 0544 813F      		cpi r24,lo8(-15)
 1205 0546 00F0      		brlo .L161
 1206 0548 FF20      		tst r15
 1207 054a 01F0      		breq .L161
 1208               	.LM169:
 1209 054c 612F      		mov r22,r17
 1210 054e 8F2D      		mov r24,r15
 1211 0550 0E94 0000 		call clearscreen
 1212               	.LM170:
 1213 0554 FA94      		dec r15
 1214 0556 00C0      		rjmp .L176
 1215               	.L161:
 1216               	.LM171:
 1217 0558 8091 0000 		lds r24,G_Joy_xvalue
 1218 055c 8A30      		cpi r24,lo8(10)
 1219 055e 00F4      		brsh .L164
 1220 0560 80E5      		ldi r24,lo8(80)
 1221 0562 8F15      		cp r24,r15
 1222 0564 00F0      		brlo .L164
 1223               	.LM172:
 1224 0566 612F      		mov r22,r17
 1225 0568 8F2D      		mov r24,r15
 1226 056a 0E94 0000 		call clearscreen
 1227               	.LM173:
 1228 056e F394      		inc r15
 1229 0570 00C0      		rjmp .L176
 1230               	.L164:
 1231               	.LM174:
 1232 0572 8091 0000 		lds r24,G_Joy_yvalue
 1233 0576 813F      		cpi r24,lo8(-15)
 1234 0578 00F0      		brlo .L167
 1235 057a 1123      		tst r17
 1236 057c 01F0      		breq .L167
 1237               	.LM175:
 1238 057e 612F      		mov r22,r17
 1239 0580 8F2D      		mov r24,r15
 1240 0582 0E94 0000 		call clearscreen
 1241               	.LM176:
 1242 0586 1150      		subi r17,lo8(-(-1))
 1243 0588 00C0      		rjmp .L176
 1244               	.L167:
 1245               	.LM177:
 1246 058a 8091 0000 		lds r24,G_Joy_yvalue
 1247 058e 8A30      		cpi r24,lo8(10)
 1248 0590 00F4      		brsh .L177
 1249 0592 1931      		cpi r17,lo8(25)
 1250 0594 00F4      		brsh .L177
 1251               	.LM178:
 1252 0596 612F      		mov r22,r17
 1253 0598 8F2D      		mov r24,r15
 1254 059a 0E94 0000 		call clearscreen
 1255               	.LM179:
 1256 059e 1F5F      		subi r17,lo8(-(1))
 1257               	.L176:
 1258 05a0 01E0      		ldi r16,lo8(1)
 1259 05a2 20E0      		ldi r18,lo8(0)
 1260 05a4 4AE2      		ldi r20,lo8(42)
 1261 05a6 612F      		mov r22,r17
 1262 05a8 8F2D      		mov r24,r15
 1263 05aa 0E94 0000 		call VT102DispChar
 1264 05ae 00C0      		rjmp .L177
 1265               	/* epilogue: frame size=0 */
 1266               	/* epilogue: noreturn */
 1267               	/* epilogue end (size=0) */
 1268               	/* function main size 125 (121) */
 1269               	.LFE24:
 1271               	.global	__vector_21
 1273               	__vector_21:
 1274               	.LFB26:
 1275               	.LM180:
 1276               	/* prologue: frame size=0 */
 1277 05b0 1F92      		push __zero_reg__
 1278 05b2 0F92      		push __tmp_reg__
 1279 05b4 0FB6      		in __tmp_reg__,__SREG__
 1280 05b6 0F92      		push __tmp_reg__
 1281 05b8 1124      		clr __zero_reg__
 1282 05ba 2F93      		push r18
 1283 05bc 3F93      		push r19
 1284 05be 4F93      		push r20
 1285 05c0 8F93      		push r24
 1286 05c2 9F93      		push r25
 1287               	/* prologue end (size=10) */
 1288               	.LM181:
 1289 05c4 45B1      		in r20,37-0x20
 1290 05c6 4093 0000 		sts Joy_value.1815,r20
 1291               	.LM182:
 1292 05ca 8091 0000 		lds r24,count.1816
 1293 05ce 9091 0000 		lds r25,(count.1816)+1
 1294 05d2 0196      		adiw r24,1
 1295 05d4 9093 0000 		sts (count.1816)+1,r25
 1296 05d8 8093 0000 		sts count.1816,r24
 1297               	.LM183:
 1298 05dc 2091 0000 		lds r18,G_Joy_SPEED
 1299 05e0 3091 0000 		lds r19,(G_Joy_SPEED)+1
 1300 05e4 8217      		cp r24,r18
 1301 05e6 9307      		cpc r25,r19
 1302 05e8 01F4      		brne .L184
 1303               	.LM184:
 1304 05ea 1092 0000 		sts (count.1816)+1,__zero_reg__
 1305 05ee 1092 0000 		sts count.1816,__zero_reg__
 1306               	.LM185:
 1307 05f2 8091 0000 		lds r24,JOY_scan.1814
 1308 05f6 8823      		tst r24
 1309 05f8 01F4      		brne .L181
 1310               	.LM186:
 1311 05fa 81E0      		ldi r24,lo8(1)
 1312 05fc 8093 0000 		sts JOY_scan.1814,r24
 1313               	.LM187:
 1314 0600 4093 0000 		sts G_Joy_xvalue,r20
 1315               	.LM188:
 1316 0604 82EE      		ldi r24,lo8(-30)
 1317 0606 00C0      		rjmp .L185
 1318               	.L181:
 1319               	.LM189:
 1320 0608 1092 0000 		sts JOY_scan.1814,__zero_reg__
 1321               	.LM190:
 1322 060c 4093 0000 		sts G_Joy_yvalue,r20
 1323               	.LM191:
 1324 0610 81EE      		ldi r24,lo8(-31)
 1325               	.L185:
 1326 0612 87B9      		out 39-0x20,r24
 1327               	.LM192:
 1328 0614 81E0      		ldi r24,lo8(1)
 1329 0616 8093 0000 		sts G_Joy_over,r24
 1330               	.L184:
 1331               	/* epilogue: frame size=0 */
 1332 061a 9F91      		pop r25
 1333 061c 8F91      		pop r24
 1334 061e 4F91      		pop r20
 1335 0620 3F91      		pop r19
 1336 0622 2F91      		pop r18
 1337 0624 0F90      		pop __tmp_reg__
 1338 0626 0FBE      		out __SREG__,__tmp_reg__
 1339 0628 0F90      		pop __tmp_reg__
 1340 062a 1F90      		pop __zero_reg__
 1341 062c 1895      		reti
 1342               	/* epilogue end (size=10) */
 1343               	/* function __vector_21 size 63 (43) */
 1344               	.LFE26:
 1346               		.data
 1347               	.LC2:
 1348 001c 2530 3464 		.string	"%04d"
 1348      00
 1349               		.text
 1350               	.global	__vector_8
 1352               	__vector_8:
 1353               	.LFB27:
 1354               	.LM193:
 1355               	/* prologue: frame size=10 */
 1356 062e 1F92      		push __zero_reg__
 1357 0630 0F92      		push __tmp_reg__
 1358 0632 0FB6      		in __tmp_reg__,__SREG__
 1359 0634 0F92      		push __tmp_reg__
 1360 0636 1124      		clr __zero_reg__
 1361 0638 EF92      		push r14
 1362 063a FF92      		push r15
 1363 063c 0F93      		push r16
 1364 063e 2F93      		push r18
 1365 0640 3F93      		push r19
 1366 0642 4F93      		push r20
 1367 0644 5F93      		push r21
 1368 0646 6F93      		push r22
 1369 0648 7F93      		push r23
 1370 064a 8F93      		push r24
 1371 064c 9F93      		push r25
 1372 064e AF93      		push r26
 1373 0650 BF93      		push r27
 1374 0652 EF93      		push r30
 1375 0654 FF93      		push r31
 1376 0656 CF93      		push r28
 1377 0658 DF93      		push r29
 1378 065a CDB7      		in r28,__SP_L__
 1379 065c DEB7      		in r29,__SP_H__
 1380 065e 2A97      		sbiw r28,10
 1381 0660 DEBF      		out __SP_H__,r29
 1382 0662 CDBF      		out __SP_L__,r28
 1383               	/* prologue end (size=27) */
 1384               	.LM194:
 1385 0664 8091 0000 		lds r24,G_Joy_SPEED
 1386 0668 9091 0000 		lds r25,(G_Joy_SPEED)+1
 1387 066c 8D52      		subi r24,lo8(301)
 1388 066e 9140      		sbci r25,hi8(301)
 1389 0670 00F0      		brlo .L189
 1390               	.LM195:
 1391 0672 8091 0000 		lds r24,G_Joy_SPEED
 1392 0676 9091 0000 		lds r25,(G_Joy_SPEED)+1
 1393 067a 8456      		subi r24,lo8(-(-100))
 1394 067c 9040      		sbci r25,hi8(-(-100))
 1395 067e 9093 0000 		sts (G_Joy_SPEED)+1,r25
 1396 0682 8093 0000 		sts G_Joy_SPEED,r24
 1397               	.LM196:
 1398 0686 8091 0000 		lds r24,G_Joy_SPEED
 1399 068a 9091 0000 		lds r25,(G_Joy_SPEED)+1
 1400 068e 9F93      		push r25
 1401 0690 8F93      		push r24
 1402 0692 80E0      		ldi r24,lo8(.LC2)
 1403 0694 90E0      		ldi r25,hi8(.LC2)
 1404 0696 9F93      		push r25
 1405 0698 8F93      		push r24
 1406 069a 7E01      		movw r14,r28
 1407 069c 0894      		sec
 1408 069e E11C      		adc r14,__zero_reg__
 1409 06a0 F11C      		adc r15,__zero_reg__
 1410 06a2 FF92      		push r15
 1411 06a4 EF92      		push r14
 1412 06a6 0E94 0000 		call sprintf
 1413               	.LM197:
 1414 06aa 01E0      		ldi r16,lo8(1)
 1415 06ac 20E0      		ldi r18,lo8(0)
 1416 06ae A701      		movw r20,r14
 1417 06b0 68E1      		ldi r22,lo8(24)
 1418 06b2 8BE4      		ldi r24,lo8(75)
 1419 06b4 0E94 0000 		call VT102DispStr
 1420 06b8 8DB7      		in r24,__SP_L__
 1421 06ba 9EB7      		in r25,__SP_H__
 1422 06bc 0696      		adiw r24,6
 1423 06be 0FB6      		in __tmp_reg__,__SREG__
 1424 06c0 F894      		cli
 1425 06c2 9EBF      		out __SP_H__,r25
 1426 06c4 0FBE      		out __SREG__,__tmp_reg__
 1427 06c6 8DBF      		out __SP_L__,r24
 1428               	.L189:
 1429               	/* epilogue: frame size=10 */
 1430 06c8 2A96      		adiw r28,10
 1431 06ca F894      		cli
 1432 06cc DEBF      		out __SP_H__,r29
 1433 06ce CDBF      		out __SP_L__,r28
 1434 06d0 DF91      		pop r29
 1435 06d2 CF91      		pop r28
 1436 06d4 FF91      		pop r31
 1437 06d6 EF91      		pop r30
 1438 06d8 BF91      		pop r27
 1439 06da AF91      		pop r26
 1440 06dc 9F91      		pop r25
 1441 06de 8F91      		pop r24
 1442 06e0 7F91      		pop r23
 1443 06e2 6F91      		pop r22
 1444 06e4 5F91      		pop r21
 1445 06e6 4F91      		pop r20
 1446 06e8 3F91      		pop r19
 1447 06ea 2F91      		pop r18
 1448 06ec 0F91      		pop r16
 1449 06ee FF90      		pop r15
 1450 06f0 EF90      		pop r14
 1451 06f2 0F90      		pop __tmp_reg__
 1452 06f4 0FBE      		out __SREG__,__tmp_reg__
 1453 06f6 0F90      		pop __tmp_reg__
 1454 06f8 1F90      		pop __zero_reg__
 1455 06fa 1895      		reti
 1456               	/* epilogue end (size=26) */
 1457               	/* function __vector_8 size 104 (51) */
 1458               	.LFE27:
 1460               	.global	UART_Receive_string
 1462               	UART_Receive_string:
 1463               	.LFB19:
 1464               	.LM198:
 1465               	/* prologue: frame size=100 */
 1466 06fc CF93      		push r28
 1467 06fe DF93      		push r29
 1468 0700 CDB7      		in r28,__SP_L__
 1469 0702 DEB7      		in r29,__SP_H__
 1470 0704 C456      		subi r28,lo8(100)
 1471 0706 D040      		sbci r29,hi8(100)
 1472 0708 0FB6      		in __tmp_reg__,__SREG__
 1473 070a F894      		cli
 1474 070c DEBF      		out __SP_H__,r29
 1475 070e 0FBE      		out __SREG__,__tmp_reg__
 1476 0710 CDBF      		out __SP_L__,r28
 1477               	/* prologue end (size=11) */
 1478               	.L198:
 1479               	.LBB68:
 1480               	.LBB69:
 1481               	.LM199:
 1482 0712 8091 9B00 		lds r24,155
 1483 0716 87FF      		sbrs r24,7
 1484 0718 00C0      		rjmp .L198
 1485               	.LM200:
 1486 071a 8091 9C00 		lds r24,156
 1487               	.LBE69:
 1488               	.LBE68:
 1489               	.LM201:
 1490 071e 8D30      		cpi r24,lo8(13)
 1491 0720 01F4      		brne .L198
 1492               	.LM202:
 1493 0722 CE01      		movw r24,r28
 1494 0724 0196      		adiw r24,1
 1495               	/* epilogue: frame size=100 */
 1496 0726 CC59      		subi r28,lo8(-100)
 1497 0728 DF4F      		sbci r29,hi8(-100)
 1498 072a 0FB6      		in __tmp_reg__,__SREG__
 1499 072c F894      		cli
 1500 072e DEBF      		out __SP_H__,r29
 1501 0730 0FBE      		out __SREG__,__tmp_reg__
 1502 0732 CDBF      		out __SP_L__,r28
 1503 0734 DF91      		pop r29
 1504 0736 CF91      		pop r28
 1505 0738 0895      		ret
 1506               	/* epilogue end (size=10) */
 1507               	/* function UART_Receive_string size 31 (10) */
 1508               	.LFE19:
 1510               	.global	k
 1511               	.global	k
 1512               		.section .bss
 1515               	k:
 1516 0000 00        		.skip 1,0
 1517               	.global	j
 1518               	.global	j
 1521               	j:
 1522 0001 00        		.skip 1,0
 1523               	.global	save
 1524               	.global	save
 1527               	save:
 1528 0002 00        		.skip 1,0
 1529               	.global	G_Joy_SPEED
 1530               		.data
 1533               	G_Joy_SPEED:
 1534 0021 DC05      		.word	1500
 1535               	.global	G_Joy_xvalue
 1538               	G_Joy_xvalue:
 1539 0023 64        		.byte	100
 1540               	.global	G_Joy_yvalue
 1543               	G_Joy_yvalue:
 1544 0024 64        		.byte	100
 1545               	.global	G_Joy_over
 1546               	.global	G_Joy_over
 1547               		.section .bss
 1550               	G_Joy_over:
 1551 0003 00        		.skip 1,0
 1552               		.lcomm count.1816,2
 1553               		.lcomm Joy_value.1815,1
 1554               		.lcomm JOY_scan.1814,1
 1555               		.data
 1558               	C.5.1668:
 1559 0025 9F01      		.word	415
 1560 0027 CF00      		.word	207
 1561 0029 6700      		.word	103
 1562 002b 4400      		.word	68
 1563 002d 3300      		.word	51
 1564 002f 2200      		.word	34
 1565 0031 1900      		.word	25
 1566 0033 1000      		.word	16
 1567 0035 0C00      		.word	12
 1568 0037 0800      		.word	8
 1571               	C.4.1667:
 1572 0039 60        		.byte	96
 1573 003a 09        		.byte	9
 1574 003b 00        		.byte	0
 1575 003c 00        		.byte	0
 1576 003d C0        		.byte	-64
 1577 003e 12        		.byte	18
 1578 003f 00        		.byte	0
 1579 0040 00        		.byte	0
 1580 0041 80        		.byte	-128
 1581 0042 25        		.byte	37
 1582 0043 00        		.byte	0
 1583 0044 00        		.byte	0
 1584 0045 40        		.byte	64
 1585 0046 38        		.byte	56
 1586 0047 00        		.byte	0
 1587 0048 00        		.byte	0
 1588 0049 00        		.byte	0
 1589 004a 4B        		.byte	75
 1590 004b 00        		.byte	0
 1591 004c 00        		.byte	0
 1592 004d 80        		.byte	-128
 1593 004e 70        		.byte	112
 1594 004f 00        		.byte	0
 1595 0050 00        		.byte	0
 1596 0051 00        		.byte	0
 1597 0052 96        		.byte	-106
 1598 0053 00        		.byte	0
 1599 0054 00        		.byte	0
 1600 0055 00        		.byte	0
 1601 0056 E1        		.byte	-31
 1602 0057 00        		.byte	0
 1603 0058 00        		.byte	0
 1604 0059 00        		.byte	0
 1605 005a 2C        		.byte	44
 1606 005b 01        		.byte	1
 1607 005c 00        		.byte	0
 1608 005d 00        		.byte	0
 1609 005e C2        		.byte	-62
 1610 005f 01        		.byte	1
 1611 0060 00        		.byte	0
 1836               	.Letext0:
DEFINED SYMBOLS
                            *ABS*:00000000 joystick_main.c
     /tmp/cc94BKwe.s:2      *ABS*:0000003f __SREG__
     /tmp/cc94BKwe.s:3      *ABS*:0000003e __SP_H__
     /tmp/cc94BKwe.s:4      *ABS*:0000003d __SP_L__
     /tmp/cc94BKwe.s:5      *ABS*:00000000 __tmp_reg__
     /tmp/cc94BKwe.s:6      *ABS*:00000001 __zero_reg__
     /tmp/cc94BKwe.s:19     .text:00000000 dely_ns
     /tmp/cc94BKwe.s:1515   .bss:00000000 k
     /tmp/cc94BKwe.s:1521   .bss:00000001 j
     /tmp/cc94BKwe.s:45     .text:0000001a toggleE
     /tmp/cc94BKwe.s:65     .text:00000026 lcd_cmd
     /tmp/cc94BKwe.s:108    .text:00000058 lcd_putchar
     /tmp/cc94BKwe.s:147    .text:00000082 lcd_string
     /tmp/cc94BKwe.s:224    .text:000000e4 lcd_gotoxy1
     /tmp/cc94BKwe.s:242    .text:000000ec lcd_gotoxy2
     /tmp/cc94BKwe.s:260    .text:000000f4 lcd_char
     /tmp/cc94BKwe.s:315    .text:00000126 lcd_showvalue
     /tmp/cc94BKwe.s:382    .text:00000188 lcd_exit
     /tmp/cc94BKwe.s:1527   .bss:00000002 save
     /tmp/cc94BKwe.s:398    .text:00000190 WaitMs
     /tmp/cc94BKwe.s:438    .text:000001b0 lcd_init
     /tmp/cc94BKwe.s:480    .text:000001e6 UART_config
     /tmp/cc94BKwe.s:1571   .data:00000039 C.4.1667
     /tmp/cc94BKwe.s:1558   .data:00000025 C.5.1668
     /tmp/cc94BKwe.s:597    .text:00000298 UART_Transmit_char
     /tmp/cc94BKwe.s:620    .text:000002a8 UART_Receive_char
     /tmp/cc94BKwe.s:642    .text:000002b8 UART_Transmit_string
     /tmp/cc94BKwe.s:678    .text:000002d2 UART_Transmit_num
     /tmp/cc94BKwe.s:783    .text:00000356 VT102Attribute
     /tmp/cc94BKwe.s:864    .text:000003ac VT102DispStr
     /tmp/cc94BKwe.s:961    .text:0000041e VT102DispClrScr
     /tmp/cc94BKwe.s:982    .text:00000430 VT102DispChar
     /tmp/cc94BKwe.s:1085   .text:000004a4 clearscreen
     /tmp/cc94BKwe.s:1119   .text:000004b8 main
     /tmp/cc94BKwe.s:1550   .bss:00000003 G_Joy_over
     /tmp/cc94BKwe.s:1538   .data:00000023 G_Joy_xvalue
     /tmp/cc94BKwe.s:1543   .data:00000024 G_Joy_yvalue
     /tmp/cc94BKwe.s:1273   .text:000005b0 __vector_21
     /tmp/cc94BKwe.s:1552   .bss:00000006 Joy_value.1815
                             .bss:00000004 count.1816
     /tmp/cc94BKwe.s:1533   .data:00000021 G_Joy_SPEED
     /tmp/cc94BKwe.s:1553   .bss:00000007 JOY_scan.1814
     /tmp/cc94BKwe.s:1352   .text:0000062e __vector_8
     /tmp/cc94BKwe.s:1462   .text:000006fc UART_Receive_string

UNDEFINED SYMBOLS
__do_copy_data
__do_clear_bss
__udivmodqi4
__divmodhi4
__udivmodhi4
__stack
sprintf
